FXC : warning X4717: Effects deprecated for D3DCompiler_47
  
  compilation object save succeeded; see C:\Users\Nadine\TUM\Game Physics\Gruppe25\Win32\Debug\effect.fxo
  TemplateSimulator.cpp
c:\users\nadine\tum\game physics\gruppe25\simulations\util\vectorbase.h(11): warning C4005: "NOMINMAX": Makro-Neudefinition
  c:\users\nadine\tum\game physics\gruppe25\simulations\util\vectorbase.h(11): note: Befehlszeilenargumente: siehe vorherige Definition von "NOMINMAX"
c:\users\nadine\tum\game physics\gruppe25\simulations\util\vectorbase.h(204): warning C4244: "Argument": Konvertierung von "const GamePhysics::Real" in "float", möglicher Datenverlust
  c:\users\nadine\tum\game physics\gruppe25\simulations\util\vectorbase.h(203): note: Bei der Kompilierung von Klasse Vorlage der DirectX::XMVECTOR GamePhysics::vector3Dim<GamePhysics::Real>::toDirectXVector(void) const-Memberfunktion
  c:\users\nadine\tum\game physics\gruppe25\simulations\drawingutilitiesclass.h(285): note: Siehe Verweis auf die Instanziierung der gerade kompilierten Funktions-Vorlage "DirectX::XMVECTOR GamePhysics::vector3Dim<GamePhysics::Real>::toDirectXVector(void) const".
  c:\users\nadine\tum\game physics\gruppe25\simulations\util\vectorbase.h(859): note: Siehe Verweis auf die Klasse Vorlage-Instanziierung "GamePhysics::vector3Dim<GamePhysics::Real>", die kompiliert wird.
c:\users\nadine\tum\game physics\gruppe25\simulations\util\matrixbase.h(777): warning C4244: "Argument": Konvertierung von "double" in "float", möglicher Datenverlust
  c:\users\nadine\tum\game physics\gruppe25\simulations\util\matrixbase.h(773): note: Bei der Kompilierung von Klasse Vorlage der DirectX::XMMATRIX GamePhysics::matrix4x4<double>::toDirectXMatrix(void)-Memberfunktion
  c:\users\nadine\tum\game physics\gruppe25\simulations\drawingutilitiesclass.h(380): note: Siehe Verweis auf die Instanziierung der gerade kompilierten Funktions-Vorlage "DirectX::XMMATRIX GamePhysics::matrix4x4<double>::toDirectXMatrix(void)".
  c:\users\nadine\tum\game physics\gruppe25\simulations\drawingutilitiesclass.h(379): note: Siehe Verweis auf die Klasse Vorlage-Instanziierung "GamePhysics::matrix4x4<double>", die kompiliert wird.
c:\users\nadine\tum\game physics\gruppe25\simulations\util\matrixbase.h(776): warning C4244: "Argument": Konvertierung von "double" in "float", möglicher Datenverlust
c:\users\nadine\tum\game physics\gruppe25\simulations\util\matrixbase.h(775): warning C4244: "Argument": Konvertierung von "double" in "float", möglicher Datenverlust
c:\users\nadine\tum\game physics\gruppe25\simulations\util\matrixbase.h(774): warning C4244: "Argument": Konvertierung von "double" in "float", möglicher Datenverlust
  FFmpeg.cpp
  util.cpp
  Code wird generiert...
  Demo_2017.vcxproj -> C:\Users\Nadine\TUM\Game Physics\Gruppe25\Win32\Debug\Simulations.lib
